<?xml version="1.0" encoding="UTF-8"?>
<!-- Generated by org.testng.reporters.JUnitReportReporter -->
<testsuite skipped="0" hostname="SINGH-PC" name="com.demo.project.regression.HomePageTest" tests="1" failures="0" timestamp="02 Jan 2018 20:52:49 GMT" time="2.526" errors="0">
  <testcase name="test_Home_Page_Appear_Correct" time="2.526" classname="com.demo.project.regression.HomePageTest"/>
</testsuite> <!-- com.demo.project.regression.HomePageTest -->
